[debug] [2026-01-06T14:38:23.329Z] ----------------------------------------------------------------------
[debug] [2026-01-06T14:38:23.995Z] Command:       C:\Program Files\nodejs\node.exe C:\Users\User\AppData\Roaming\npm\node_modules\firebase-tools\lib\bin\firebase.js init functions
[debug] [2026-01-06T14:38:23.996Z] CLI Version:   14.24.2
[debug] [2026-01-06T14:38:23.997Z] Platform:      win32
[debug] [2026-01-06T14:38:23.997Z] Node Version:  v24.11.0
[debug] [2026-01-06T14:38:23.998Z] Time:          Tue Jan 06 2026 06:38:23 GMT-0800 (Pacific Standard Time)
[debug] [2026-01-06T14:38:23.998Z] ----------------------------------------------------------------------
[debug] 
[debug] [2026-01-06T14:38:24.018Z] >>> [apiv2][query] GET https://firebase-public.firebaseio.com/cli.json [none]
[info] 
     ######## #### ########  ######## ########     ###     ######  ########
     ##        ##  ##     ## ##       ##     ##  ##   ##  ##       ##
     ######    ##  ########  ######   ########  #########  ######  ######
     ##        ##  ##    ##  ##       ##     ## ##     ##       ## ##
     ##       #### ##     ## ######## ########  ##     ##  ######  ########

You're about to initialize a Firebase project in this directory:

  C:\Users\User\Desktop\PROJECTS\Subtra

[debug] [2026-01-06T14:38:26.903Z] <<< [apiv2][status] GET https://firebase-public.firebaseio.com/cli.json 200
[debug] [2026-01-06T14:38:26.905Z] <<< [apiv2][body] GET https://firebase-public.firebaseio.com/cli.json {"cloudBuildErrorAfter":1594252800000,"cloudBuildWarnAfter":1590019200000,"defaultNode10After":1594252800000,"minVersion":"3.0.5","node8DeploysDisabledAfter":1613390400000,"node8RuntimeDisabledAfter":1615809600000,"node8WarnAfter":1600128000000}
[info] 
=== Project Setup
[info] 
[info] First, let's associate this project directory with a Firebase project.
[info] You can create multiple project aliases by running firebase use --add, 
[info] 
[debug] [2026-01-06T14:39:32.483Z] > command requires scopes: ["email","openid","https://www.googleapis.com/auth/cloudplatformprojects.readonly","https://www.googleapis.com/auth/firebase","https://www.googleapis.com/auth/cloud-platform"]
[debug] [2026-01-06T14:39:32.484Z] > authorizing via signed-in user (obaloluwaajayi2006@gmail.com)
[debug] [2026-01-06T14:39:32.487Z] Checked if tokens are valid: false, expires at: 1763678362697
[debug] [2026-01-06T14:39:32.487Z] Checked if tokens are valid: false, expires at: 1763678362697
[debug] [2026-01-06T14:39:32.488Z] > refreshing access token with scopes: []
[debug] [2026-01-06T14:39:32.519Z] >>> [apiv2][query] POST https://www.googleapis.com/oauth2/v3/token [none]
[debug] [2026-01-06T14:39:32.519Z] >>> [apiv2][body] POST https://www.googleapis.com/oauth2/v3/token [omitted]
[debug] [2026-01-06T14:39:33.771Z] <<< [apiv2][status] POST https://www.googleapis.com/oauth2/v3/token 200
[debug] [2026-01-06T14:39:33.772Z] <<< [apiv2][body] POST https://www.googleapis.com/oauth2/v3/token [omitted]
[debug] [2026-01-06T14:39:34.129Z] >>> [apiv2][query] GET https://firebase.googleapis.com/v1beta1/projects pageSize=100
[debug] [2026-01-06T14:39:35.226Z] <<< [apiv2][status] GET https://firebase.googleapis.com/v1beta1/projects 200
[debug] [2026-01-06T14:39:35.290Z] <<< [apiv2][body] GET https://firebase.googleapis.com/v1beta1/projects [omitted]
[info] 
=== Functions Setup
[debug] [2026-01-06T14:39:54.025Z] > command requires scopes: ["email","openid","https://www.googleapis.com/auth/cloudplatformprojects.readonly","https://www.googleapis.com/auth/firebase","https://www.googleapis.com/auth/cloud-platform"]
[debug] [2026-01-06T14:39:54.025Z] > authorizing via signed-in user (obaloluwaajayi2006@gmail.com)
[debug] [2026-01-06T14:39:54.025Z] [iam] checking project subtra-da8c1 for permissions ["firebase.projects.get"]
[debug] [2026-01-06T14:39:54.026Z] Checked if tokens are valid: true, expires at: 1767713972773
[debug] [2026-01-06T14:39:54.026Z] Checked if tokens are valid: true, expires at: 1767713972773
[debug] [2026-01-06T14:39:54.027Z] >>> [apiv2][query] POST https://cloudresourcemanager.googleapis.com/v1/projects/subtra-da8c1:testIamPermissions [none]
[debug] [2026-01-06T14:39:54.027Z] >>> [apiv2][(partial)header] POST https://cloudresourcemanager.googleapis.com/v1/projects/subtra-da8c1:testIamPermissions x-goog-quota-user=projects/subtra-da8c1
[debug] [2026-01-06T14:39:54.027Z] >>> [apiv2][body] POST https://cloudresourcemanager.googleapis.com/v1/projects/subtra-da8c1:testIamPermissions {"permissions":["firebase.projects.get"]}
[debug] [2026-01-06T14:39:55.224Z] <<< [apiv2][status] POST https://cloudresourcemanager.googleapis.com/v1/projects/subtra-da8c1:testIamPermissions 200
[debug] [2026-01-06T14:39:55.224Z] <<< [apiv2][body] POST https://cloudresourcemanager.googleapis.com/v1/projects/subtra-da8c1:testIamPermissions {"permissions":["firebase.projects.get"]}
[debug] [2026-01-06T14:39:55.228Z] Checked if tokens are valid: true, expires at: 1767713972773
[debug] [2026-01-06T14:39:55.228Z] Checked if tokens are valid: true, expires at: 1767713972773
[debug] [2026-01-06T14:39:55.229Z] Checked if tokens are valid: true, expires at: 1767713972773
[debug] [2026-01-06T14:39:55.230Z] Checked if tokens are valid: true, expires at: 1767713972773
[debug] [2026-01-06T14:39:55.258Z] >>> [apiv2][query] GET https://serviceusage.googleapis.com/v1/projects/subtra-da8c1/services/cloudfunctions.googleapis.com [none]
[debug] [2026-01-06T14:39:55.259Z] >>> [apiv2][(partial)header] GET https://serviceusage.googleapis.com/v1/projects/subtra-da8c1/services/cloudfunctions.googleapis.com x-goog-quota-user=projects/subtra-da8c1
[debug] [2026-01-06T14:39:55.265Z] >>> [apiv2][query] GET https://serviceusage.googleapis.com/v1/projects/subtra-da8c1/services/runtimeconfig.googleapis.com [none]
[debug] [2026-01-06T14:39:55.265Z] >>> [apiv2][(partial)header] GET https://serviceusage.googleapis.com/v1/projects/subtra-da8c1/services/runtimeconfig.googleapis.com x-goog-quota-user=projects/subtra-da8c1
[debug] [2026-01-06T14:39:57.351Z] <<< [apiv2][status] GET https://serviceusage.googleapis.com/v1/projects/subtra-da8c1/services/runtimeconfig.googleapis.com 200
[debug] [2026-01-06T14:39:57.351Z] <<< [apiv2][body] GET https://serviceusage.googleapis.com/v1/projects/subtra-da8c1/services/runtimeconfig.googleapis.com [omitted]
[debug] [2026-01-06T14:39:57.452Z] <<< [apiv2][status] GET https://serviceusage.googleapis.com/v1/projects/subtra-da8c1/services/cloudfunctions.googleapis.com 200
[debug] [2026-01-06T14:39:57.453Z] <<< [apiv2][body] GET https://serviceusage.googleapis.com/v1/projects/subtra-da8c1/services/cloudfunctions.googleapis.com [omitted]
[debug] [2026-01-06T14:39:57.454Z] Checked if tokens are valid: true, expires at: 1767713972773
[debug] [2026-01-06T14:39:57.454Z] Checked if tokens are valid: true, expires at: 1767713972773
[debug] [2026-01-06T14:39:57.455Z] >>> [apiv2][query] POST https://serviceusage.googleapis.com/v1/projects/subtra-da8c1/services/cloudfunctions.googleapis.com:enable [none]
[debug] [2026-01-06T14:39:57.455Z] >>> [apiv2][(partial)header] POST https://serviceusage.googleapis.com/v1/projects/subtra-da8c1/services/cloudfunctions.googleapis.com:enable x-goog-quota-user=projects/subtra-da8c1
[debug] [2026-01-06T14:39:58.599Z] <<< [apiv2][status] POST https://serviceusage.googleapis.com/v1/projects/subtra-da8c1/services/cloudfunctions.googleapis.com:enable 200
[debug] [2026-01-06T14:39:58.599Z] <<< [apiv2][body] POST https://serviceusage.googleapis.com/v1/projects/subtra-da8c1/services/cloudfunctions.googleapis.com:enable [omitted]
[info] Let's create a new codebase for your functions.
[info] A directory corresponding to the codebase will be created in your project
[info] with sample code pre-configured.

[info] See https://firebase.google.com/docs/functions/organize-functions for
[info] more information on organizing your functions using codebases.

[info] Functions can be deployed with firebase deploy.

[info] +  Wrote functions/package.json 
[info] +  Wrote functions/.eslintrc.js 
[info] +  Wrote functions/index.js 
[info] +  Wrote functions/.gitignore 
[debug] [2026-01-08T18:01:33.909Z] ----------------------------------------------------------------------
[debug] [2026-01-08T18:01:33.925Z] Command:       C:\Program Files\nodejs\node.exe C:\Users\User\AppData\Roaming\npm\node_modules\firebase-tools\lib\bin\firebase.js deploy --only functions
[debug] [2026-01-08T18:01:33.926Z] CLI Version:   14.24.2
[debug] [2026-01-08T18:01:33.926Z] Platform:      win32
[debug] [2026-01-08T18:01:33.927Z] Node Version:  v24.11.0
[debug] [2026-01-08T18:01:33.927Z] Time:          Thu Jan 08 2026 10:01:33 GMT-0800 (Pacific Standard Time)
[debug] [2026-01-08T18:01:33.928Z] ----------------------------------------------------------------------
[debug] 
[debug] [2026-01-08T18:01:33.936Z] >>> [apiv2][query] GET https://firebase-public.firebaseio.com/cli.json [none]
[debug] [2026-01-08T18:01:42.521Z] Error: Timed out.
    at Timeout._onTimeout (C:\Users\User\AppData\Roaming\npm\node_modules\firebase-tools\lib\utils.js:275:49)
    at listOnTimeout (node:internal/timers:608:17)
    at process.processTimers (node:internal/timers:543:7)
[error] 
[error] Error: An unexpected error has occurred.
